<?xml version="1.0" encoding="UTF-8"?>
<!-- Generated by org.testng.reporters.JUnitReportReporter -->
<testsuite hostname="Jashu" failures="0" tests="1" name="testNGtestcases.TC01RegisterUser" time="71.554" errors="0" timestamp="2024-04-07T20:03:59 EDT" skipped="0">
  <testcase classname="testNGtestcases.TC01RegisterUser" name="SBSAMarkoffTest" time="71.554"/>
  <system-out/>
</testsuite> <!-- testNGtestcases.TC01RegisterUser -->
